2021-06-10 18:47:39 0 [Note] InnoDB: Mutexes and rw_locks use Windows interlocked functions
2021-06-10 18:47:39 0 [Note] InnoDB: Uses event mutexes
2021-06-10 18:47:39 0 [Note] InnoDB: Compressed tables use zlib 1.2.11
2021-06-10 18:47:39 0 [Note] InnoDB: Number of pools: 1
2021-06-10 18:47:39 0 [Note] InnoDB: Using SSE2 crc32 instructions
2021-06-10 18:47:39 0 [Note] InnoDB: Initializing buffer pool, total size = 16M, instances = 1, chunk size = 16M
2021-06-10 18:47:39 0 [Note] InnoDB: Completed initialization of buffer pool
2021-06-10 18:47:39 0 [Note] InnoDB: Starting crash recovery from checkpoint LSN=300288
2021-06-10 18:47:39 0 [Note] InnoDB: 128 out of 128 rollback segments are active.
2021-06-10 18:47:39 0 [Note] InnoDB: Removed temporary tablespace data file: "ibtmp1"
2021-06-10 18:47:39 0 [Note] InnoDB: Creating shared tablespace for temporary tables
2021-06-10 18:47:39 0 [Note] InnoDB: Setting file 'C:\Users\User\Documents\XAMPP\mysql\data\ibtmp1' size to 12 MB. Physically writing the file full; Please wait ...
2021-06-10 18:47:39 0 [Note] InnoDB: File 'C:\Users\User\Documents\XAMPP\mysql\data\ibtmp1' size is now 12 MB.
2021-06-10 18:47:40 0 [Note] InnoDB: 10.4.19 started; log sequence number 300297; transaction id 170
2021-06-10 18:47:40 0 [Note] InnoDB: Loading buffer pool(s) from C:\Users\User\Documents\XAMPP\mysql\data\ib_buffer_pool
2021-06-10 18:47:40 0 [Note] InnoDB: Buffer pool(s) load completed at 210610 18:47:40
2021-06-10 18:47:40 0 [Note] Plugin 'FEEDBACK' is disabled.
2021-06-10 18:47:40 0 [Note] Server socket created on IP: '::'.
2021-06-10 18:47:40 0 [Note] Reading of all Master_info entries succeeded
2021-06-10 18:47:40 0 [Note] Added new Master_info '' to hash table
2021-06-10 18:47:40 0 [Note] mysql\bin\mysqld.exe: ready for connections.
Version: '10.4.19-MariaDB'  socket: ''  port: 3306  mariadb.org binary distribution
2021-06-11 19:19:29 0 [Note] InnoDB: Mutexes and rw_locks use Windows interlocked functions
2021-06-11 19:19:29 0 [Note] InnoDB: Uses event mutexes
2021-06-11 19:19:29 0 [Note] InnoDB: Compressed tables use zlib 1.2.11
2021-06-11 19:19:29 0 [Note] InnoDB: Number of pools: 1
2021-06-11 19:19:29 0 [Note] InnoDB: Using SSE2 crc32 instructions
2021-06-11 19:19:29 0 [Note] InnoDB: Initializing buffer pool, total size = 16M, instances = 1, chunk size = 16M
2021-06-11 19:19:29 0 [Note] InnoDB: Completed initialization of buffer pool
2021-06-11 19:19:29 0 [Note] InnoDB: Starting crash recovery from checkpoint LSN=300306
2021-06-11 19:19:30 0 [Note] InnoDB: 128 out of 128 rollback segments are active.
2021-06-11 19:19:30 0 [Note] InnoDB: Removed temporary tablespace data file: "ibtmp1"
2021-06-11 19:19:30 0 [Note] InnoDB: Creating shared tablespace for temporary tables
2021-06-11 19:19:30 0 [Note] InnoDB: Setting file 'C:\Users\User\Documents\XAMPP\mysql\data\ibtmp1' size to 12 MB. Physically writing the file full; Please wait ...
2021-06-11 19:19:30 0 [Note] InnoDB: File 'C:\Users\User\Documents\XAMPP\mysql\data\ibtmp1' size is now 12 MB.
2021-06-11 19:19:30 0 [Note] InnoDB: 10.4.19 started; log sequence number 300315; transaction id 170
2021-06-11 19:19:30 0 [Note] InnoDB: Loading buffer pool(s) from C:\Users\User\Documents\XAMPP\mysql\data\ib_buffer_pool
2021-06-11 19:19:30 0 [Note] InnoDB: Buffer pool(s) load completed at 210611 19:19:30
2021-06-11 19:19:30 0 [Note] Plugin 'FEEDBACK' is disabled.
2021-06-11 19:19:30 0 [Note] Server socket created on IP: '::'.
2021-06-11 19:19:30 0 [Note] Reading of all Master_info entries succeeded
2021-06-11 19:19:30 0 [Note] Added new Master_info '' to hash table
2021-06-11 19:19:30 0 [Note] mysql\bin\mysqld.exe: ready for connections.
Version: '10.4.19-MariaDB'  socket: ''  port: 3306  mariadb.org binary distribution
2021-06-11 20:52:26 0 [Note] InnoDB: Mutexes and rw_locks use Windows interlocked functions
2021-06-11 20:52:26 0 [Note] InnoDB: Uses event mutexes
2021-06-11 20:52:26 0 [Note] InnoDB: Compressed tables use zlib 1.2.11
2021-06-11 20:52:26 0 [Note] InnoDB: Number of pools: 1
2021-06-11 20:52:26 0 [Note] InnoDB: Using SSE2 crc32 instructions
2021-06-11 20:52:26 0 [Note] InnoDB: Initializing buffer pool, total size = 16M, instances = 1, chunk size = 16M
2021-06-11 20:52:26 0 [Note] InnoDB: Completed initialization of buffer pool
2021-06-11 20:52:26 0 [Note] InnoDB: Starting crash recovery from checkpoint LSN=300972
2021-06-11 20:52:27 0 [Note] InnoDB: 128 out of 128 rollback segments are active.
2021-06-11 20:52:27 0 [Note] InnoDB: Removed temporary tablespace data file: "ibtmp1"
2021-06-11 20:52:27 0 [Note] InnoDB: Creating shared tablespace for temporary tables
2021-06-11 20:52:27 0 [Note] InnoDB: Setting file 'C:\Users\User\Documents\XAMPP\mysql\data\ibtmp1' size to 12 MB. Physically writing the file full; Please wait ...
2021-06-11 20:52:27 0 [Note] InnoDB: File 'C:\Users\User\Documents\XAMPP\mysql\data\ibtmp1' size is now 12 MB.
2021-06-11 20:52:27 0 [Note] InnoDB: 10.4.19 started; log sequence number 300981; transaction id 195
2021-06-11 20:52:27 0 [Note] InnoDB: Loading buffer pool(s) from C:\Users\User\Documents\XAMPP\mysql\data\ib_buffer_pool
2021-06-11 20:52:27 0 [Note] InnoDB: Buffer pool(s) load completed at 210611 20:52:27
2021-06-11 20:52:27 0 [Note] Plugin 'FEEDBACK' is disabled.
2021-06-11 20:52:27 0 [Note] Server socket created on IP: '::'.
2021-06-11 20:52:31 0 [Note] InnoDB: Mutexes and rw_locks use Windows interlocked functions
2021-06-11 20:52:31 0 [Note] InnoDB: Uses event mutexes
2021-06-11 20:52:31 0 [Note] InnoDB: Compressed tables use zlib 1.2.11
2021-06-11 20:52:31 0 [Note] InnoDB: Number of pools: 1
2021-06-11 20:52:31 0 [Note] InnoDB: Using SSE2 crc32 instructions
2021-06-11 20:52:31 0 [Note] InnoDB: Initializing buffer pool, total size = 16M, instances = 1, chunk size = 16M
2021-06-11 20:52:31 0 [Note] InnoDB: Completed initialization of buffer pool
2021-06-11 20:52:32 0 [Note] InnoDB: Starting crash recovery from checkpoint LSN=300990
2021-06-11 20:52:32 0 [Note] InnoDB: 128 out of 128 rollback segments are active.
2021-06-11 20:52:32 0 [Note] InnoDB: Removed temporary tablespace data file: "ibtmp1"
2021-06-11 20:52:32 0 [Note] InnoDB: Creating shared tablespace for temporary tables
2021-06-11 20:52:32 0 [Note] InnoDB: Setting file 'C:\Users\User\Documents\XAMPP\mysql\data\ibtmp1' size to 12 MB. Physically writing the file full; Please wait ...
2021-06-11 20:52:32 0 [Note] InnoDB: File 'C:\Users\User\Documents\XAMPP\mysql\data\ibtmp1' size is now 12 MB.
2021-06-11 20:52:32 0 [Note] InnoDB: 10.4.19 started; log sequence number 300999; transaction id 195
2021-06-11 20:52:32 0 [Note] InnoDB: Loading buffer pool(s) from C:\Users\User\Documents\XAMPP\mysql\data\ib_buffer_pool
2021-06-11 20:52:32 0 [Note] InnoDB: Buffer pool(s) load completed at 210611 20:52:32
2021-06-11 20:52:33 0 [Note] Plugin 'FEEDBACK' is disabled.
2021-06-11 20:52:33 0 [Note] Server socket created on IP: '::'.
2021-06-11 20:52:36 0 [Note] InnoDB: Mutexes and rw_locks use Windows interlocked functions
2021-06-11 20:52:36 0 [Note] InnoDB: Uses event mutexes
2021-06-11 20:52:36 0 [Note] InnoDB: Compressed tables use zlib 1.2.11
2021-06-11 20:52:36 0 [Note] InnoDB: Number of pools: 1
2021-06-11 20:52:36 0 [Note] InnoDB: Using SSE2 crc32 instructions
2021-06-11 20:52:36 0 [Note] InnoDB: Initializing buffer pool, total size = 16M, instances = 1, chunk size = 16M
2021-06-11 20:52:36 0 [Note] InnoDB: Completed initialization of buffer pool
2021-06-11 20:52:36 0 [Note] InnoDB: Starting crash recovery from checkpoint LSN=301008
2021-06-11 20:52:37 0 [Note] InnoDB: 128 out of 128 rollback segments are active.
2021-06-11 20:52:37 0 [Note] InnoDB: Removed temporary tablespace data file: "ibtmp1"
2021-06-11 20:52:37 0 [Note] InnoDB: Creating shared tablespace for temporary tables
2021-06-11 20:52:37 0 [Note] InnoDB: Setting file 'C:\Users\User\Documents\XAMPP\mysql\data\ibtmp1' size to 12 MB. Physically writing the file full; Please wait ...
2021-06-11 20:52:37 0 [Note] InnoDB: File 'C:\Users\User\Documents\XAMPP\mysql\data\ibtmp1' size is now 12 MB.
2021-06-11 20:52:37 0 [Note] InnoDB: 10.4.19 started; log sequence number 301017; transaction id 195
2021-06-11 20:52:37 0 [Note] InnoDB: Loading buffer pool(s) from C:\Users\User\Documents\XAMPP\mysql\data\ib_buffer_pool
2021-06-11 20:52:37 0 [Note] InnoDB: Buffer pool(s) load completed at 210611 20:52:37
2021-06-11 20:52:37 0 [Note] Plugin 'FEEDBACK' is disabled.
2021-06-11 20:52:37 0 [Note] Server socket created on IP: '::'.
2021-06-12 12:44:58 0 [Note] InnoDB: Mutexes and rw_locks use Windows interlocked functions
2021-06-12 12:44:58 0 [Note] InnoDB: Uses event mutexes
2021-06-12 12:44:58 0 [Note] InnoDB: Compressed tables use zlib 1.2.11
2021-06-12 12:44:58 0 [Note] InnoDB: Number of pools: 1
2021-06-12 12:44:58 0 [Note] InnoDB: Using SSE2 crc32 instructions
2021-06-12 12:44:58 0 [Note] InnoDB: Initializing buffer pool, total size = 16M, instances = 1, chunk size = 16M
2021-06-12 12:44:58 0 [Note] InnoDB: Completed initialization of buffer pool
2021-06-12 12:44:58 0 [Note] InnoDB: Starting crash recovery from checkpoint LSN=377548
2021-06-12 12:44:58 0 [Note] InnoDB: 128 out of 128 rollback segments are active.
2021-06-12 12:44:58 0 [Note] InnoDB: Removed temporary tablespace data file: "ibtmp1"
2021-06-12 12:44:58 0 [Note] InnoDB: Creating shared tablespace for temporary tables
2021-06-12 12:44:58 0 [Note] InnoDB: Setting file 'C:\Users\User\Documents\XAMPP\mysql\data\ibtmp1' size to 12 MB. Physically writing the file full; Please wait ...
2021-06-12 12:44:58 0 [Note] InnoDB: File 'C:\Users\User\Documents\XAMPP\mysql\data\ibtmp1' size is now 12 MB.
2021-06-12 12:44:58 0 [Note] InnoDB: 10.4.19 started; log sequence number 377557; transaction id 453
2021-06-12 12:44:59 0 [Note] InnoDB: Loading buffer pool(s) from C:\Users\User\Documents\XAMPP\mysql\data\ib_buffer_pool
2021-06-12 12:44:59 0 [Note] InnoDB: Buffer pool(s) load completed at 210612 12:44:59
2021-06-12 12:44:59 0 [Note] Plugin 'FEEDBACK' is disabled.
2021-06-12 12:44:59 0 [Note] Server socket created on IP: '::'.
2021-06-27 15:31:42 0 [Note] InnoDB: Mutexes and rw_locks use Windows interlocked functions
2021-06-27 15:31:42 0 [Note] InnoDB: Uses event mutexes
2021-06-27 15:31:42 0 [Note] InnoDB: Compressed tables use zlib 1.2.11
2021-06-27 15:31:42 0 [Note] InnoDB: Number of pools: 1
2021-06-27 15:31:42 0 [Note] InnoDB: Using SSE2 crc32 instructions
2021-06-27 15:31:42 0 [Note] InnoDB: Initializing buffer pool, total size = 16M, instances = 1, chunk size = 16M
2021-06-27 15:31:42 0 [Note] InnoDB: Completed initialization of buffer pool
2021-06-27 15:31:42 0 [Note] InnoDB: Starting crash recovery from checkpoint LSN=444117
2021-06-27 15:31:42 0 [Note] InnoDB: 128 out of 128 rollback segments are active.
2021-06-27 15:31:43 0 [Note] InnoDB: Removed temporary tablespace data file: "ibtmp1"
2021-06-27 15:31:43 0 [Note] InnoDB: Creating shared tablespace for temporary tables
2021-06-27 15:31:43 0 [Note] InnoDB: Setting file 'C:\Users\User\Documents\XAMPP\mysql\data\ibtmp1' size to 12 MB. Physically writing the file full; Please wait ...
2021-06-27 15:31:43 0 [Note] InnoDB: File 'C:\Users\User\Documents\XAMPP\mysql\data\ibtmp1' size is now 12 MB.
2021-06-27 15:31:43 0 [Note] InnoDB: 10.4.19 started; log sequence number 444126; transaction id 694
2021-06-27 15:31:43 0 [Note] InnoDB: Loading buffer pool(s) from C:\Users\User\Documents\XAMPP\mysql\data\ib_buffer_pool
2021-06-27 15:31:43 0 [Note] InnoDB: Buffer pool(s) load completed at 210627 15:31:43
2021-06-27 15:31:43 0 [Note] Plugin 'FEEDBACK' is disabled.
2021-06-27 15:31:43 0 [Note] Server socket created on IP: '::'.
2021-06-28 10:18:01 0 [Note] InnoDB: Mutexes and rw_locks use Windows interlocked functions
2021-06-28 10:18:01 0 [Note] InnoDB: Uses event mutexes
2021-06-28 10:18:01 0 [Note] InnoDB: Compressed tables use zlib 1.2.11
2021-06-28 10:18:01 0 [Note] InnoDB: Number of pools: 1
2021-06-28 10:18:01 0 [Note] InnoDB: Using SSE2 crc32 instructions
2021-06-28 10:18:01 0 [Note] InnoDB: Initializing buffer pool, total size = 16M, instances = 1, chunk size = 16M
2021-06-28 10:18:01 0 [Note] InnoDB: Completed initialization of buffer pool
2021-06-28 10:18:01 0 [Note] InnoDB: Starting crash recovery from checkpoint LSN=503761
2021-06-28 10:18:01 0 [Note] InnoDB: 128 out of 128 rollback segments are active.
2021-06-28 10:18:01 0 [Note] InnoDB: Removed temporary tablespace data file: "ibtmp1"
2021-06-28 10:18:01 0 [Note] InnoDB: Creating shared tablespace for temporary tables
2021-06-28 10:18:01 0 [Note] InnoDB: Setting file 'C:\Users\User\Documents\XAMPP\mysql\data\ibtmp1' size to 12 MB. Physically writing the file full; Please wait ...
2021-06-28 10:18:01 0 [Note] InnoDB: File 'C:\Users\User\Documents\XAMPP\mysql\data\ibtmp1' size is now 12 MB.
2021-06-28 10:18:01 0 [Note] InnoDB: 10.4.19 started; log sequence number 503770; transaction id 920
2021-06-28 10:18:01 0 [Note] InnoDB: Loading buffer pool(s) from C:\Users\User\Documents\XAMPP\mysql\data\ib_buffer_pool
2021-06-28 10:18:01 0 [Note] InnoDB: Buffer pool(s) load completed at 210628 10:18:01
2021-06-28 10:18:02 0 [Note] Plugin 'FEEDBACK' is disabled.
2021-06-28 10:18:02 0 [Note] Server socket created on IP: '::'.
2021-06-29 13:30:35 0 [Note] InnoDB: Mutexes and rw_locks use Windows interlocked functions
2021-06-29 13:30:35 0 [Note] InnoDB: Uses event mutexes
2021-06-29 13:30:35 0 [Note] InnoDB: Compressed tables use zlib 1.2.11
2021-06-29 13:30:35 0 [Note] InnoDB: Number of pools: 1
2021-06-29 13:30:35 0 [Note] InnoDB: Using SSE2 crc32 instructions
2021-06-29 13:30:35 0 [Note] InnoDB: Initializing buffer pool, total size = 16M, instances = 1, chunk size = 16M
2021-06-29 13:30:35 0 [Note] InnoDB: Completed initialization of buffer pool
2021-06-29 13:30:35 0 [Note] InnoDB: Starting crash recovery from checkpoint LSN=584747
2021-06-29 13:30:35 0 [Note] InnoDB: 128 out of 128 rollback segments are active.
2021-06-29 13:30:36 0 [Note] InnoDB: Removed temporary tablespace data file: "ibtmp1"
2021-06-29 13:30:36 0 [Note] InnoDB: Creating shared tablespace for temporary tables
2021-06-29 13:30:36 0 [Note] InnoDB: Setting file 'C:\Users\User\Documents\XAMPP\mysql\data\ibtmp1' size to 12 MB. Physically writing the file full; Please wait ...
2021-06-29 13:30:36 0 [Note] InnoDB: File 'C:\Users\User\Documents\XAMPP\mysql\data\ibtmp1' size is now 12 MB.
2021-06-29 13:30:36 0 [Note] InnoDB: 10.4.19 started; log sequence number 584756; transaction id 1178
2021-06-29 13:30:36 0 [Note] InnoDB: Loading buffer pool(s) from C:\Users\User\Documents\XAMPP\mysql\data\ib_buffer_pool
2021-06-29 13:30:36 0 [Note] InnoDB: Buffer pool(s) load completed at 210629 13:30:36
2021-06-29 13:30:36 0 [Note] Plugin 'FEEDBACK' is disabled.
2021-06-29 13:30:36 0 [Note] Server socket created on IP: '::'.
2021-06-30 12:43:56 0 [Note] InnoDB: Mutexes and rw_locks use Windows interlocked functions
2021-06-30 12:43:56 0 [Note] InnoDB: Uses event mutexes
2021-06-30 12:43:56 0 [Note] InnoDB: Compressed tables use zlib 1.2.11
2021-06-30 12:43:56 0 [Note] InnoDB: Number of pools: 1
2021-06-30 12:43:56 0 [Note] InnoDB: Using SSE2 crc32 instructions
2021-06-30 12:43:56 0 [Note] InnoDB: Initializing buffer pool, total size = 16M, instances = 1, chunk size = 16M
2021-06-30 12:43:56 0 [Note] InnoDB: Completed initialization of buffer pool
2021-06-30 12:43:56 0 [Note] InnoDB: Starting crash recovery from checkpoint LSN=605836
2021-06-30 12:43:57 0 [Note] InnoDB: 128 out of 128 rollback segments are active.
2021-06-30 12:43:57 0 [Note] InnoDB: Removed temporary tablespace data file: "ibtmp1"
2021-06-30 12:43:57 0 [Note] InnoDB: Creating shared tablespace for temporary tables
2021-06-30 12:43:57 0 [Note] InnoDB: Setting file 'C:\Users\User\Documents\XAMPP\mysql\data\ibtmp1' size to 12 MB. Physically writing the file full; Please wait ...
2021-06-30 12:43:57 0 [Note] InnoDB: File 'C:\Users\User\Documents\XAMPP\mysql\data\ibtmp1' size is now 12 MB.
2021-06-30 12:43:57 0 [Note] InnoDB: 10.4.19 started; log sequence number 605845; transaction id 1267
2021-06-30 12:43:57 0 [Note] InnoDB: Loading buffer pool(s) from C:\Users\User\Documents\XAMPP\mysql\data\ib_buffer_pool
2021-06-30 12:43:57 0 [Note] InnoDB: Buffer pool(s) load completed at 210630 12:43:57
2021-06-30 12:43:57 0 [Note] Plugin 'FEEDBACK' is disabled.
2021-06-30 12:43:57 0 [Note] Server socket created on IP: '::'.
2021-07-01 12:35:17 0 [Note] InnoDB: Mutexes and rw_locks use Windows interlocked functions
2021-07-01 12:35:17 0 [Note] InnoDB: Uses event mutexes
2021-07-01 12:35:17 0 [Note] InnoDB: Compressed tables use zlib 1.2.11
2021-07-01 12:35:17 0 [Note] InnoDB: Number of pools: 1
2021-07-01 12:35:17 0 [Note] InnoDB: Using SSE2 crc32 instructions
2021-07-01 12:35:17 0 [Note] InnoDB: Initializing buffer pool, total size = 16M, instances = 1, chunk size = 16M
2021-07-01 12:35:17 0 [Note] InnoDB: Completed initialization of buffer pool
2021-07-01 12:35:17 0 [Note] InnoDB: Starting crash recovery from checkpoint LSN=605854
2021-07-01 12:35:17 0 [Note] InnoDB: 128 out of 128 rollback segments are active.
2021-07-01 12:35:17 0 [Note] InnoDB: Removed temporary tablespace data file: "ibtmp1"
2021-07-01 12:35:17 0 [Note] InnoDB: Creating shared tablespace for temporary tables
2021-07-01 12:35:17 0 [Note] InnoDB: Setting file 'C:\Users\User\Documents\XAMPP\mysql\data\ibtmp1' size to 12 MB. Physically writing the file full; Please wait ...
2021-07-01 12:35:17 0 [Note] InnoDB: File 'C:\Users\User\Documents\XAMPP\mysql\data\ibtmp1' size is now 12 MB.
2021-07-01 12:35:18 0 [Note] InnoDB: 10.4.19 started; log sequence number 605863; transaction id 1267
2021-07-01 12:35:18 0 [Note] InnoDB: Loading buffer pool(s) from C:\Users\User\Documents\XAMPP\mysql\data\ib_buffer_pool
2021-07-01 12:35:18 0 [Note] InnoDB: Buffer pool(s) load completed at 210701 12:35:18
2021-07-01 12:35:18 0 [Note] Plugin 'FEEDBACK' is disabled.
2021-07-01 12:35:18 0 [Note] Server socket created on IP: '::'.
2021-07-02 13:08:15 0 [Note] InnoDB: Mutexes and rw_locks use Windows interlocked functions
2021-07-02 13:08:15 0 [Note] InnoDB: Uses event mutexes
2021-07-02 13:08:15 0 [Note] InnoDB: Compressed tables use zlib 1.2.11
2021-07-02 13:08:15 0 [Note] InnoDB: Number of pools: 1
2021-07-02 13:08:15 0 [Note] InnoDB: Using SSE2 crc32 instructions
2021-07-02 13:08:15 0 [Note] InnoDB: Initializing buffer pool, total size = 16M, instances = 1, chunk size = 16M
2021-07-02 13:08:15 0 [Note] InnoDB: Completed initialization of buffer pool
2021-07-02 13:08:15 0 [Note] InnoDB: Starting crash recovery from checkpoint LSN=633133
2021-07-02 13:08:16 0 [Note] InnoDB: 128 out of 128 rollback segments are active.
2021-07-02 13:08:16 0 [Note] InnoDB: Removed temporary tablespace data file: "ibtmp1"
2021-07-02 13:08:16 0 [Note] InnoDB: Creating shared tablespace for temporary tables
2021-07-02 13:08:16 0 [Note] InnoDB: Setting file 'C:\Users\User\Documents\XAMPP\mysql\data\ibtmp1' size to 12 MB. Physically writing the file full; Please wait ...
2021-07-02 13:08:16 0 [Note] InnoDB: File 'C:\Users\User\Documents\XAMPP\mysql\data\ibtmp1' size is now 12 MB.
2021-07-02 13:08:16 0 [Note] InnoDB: 10.4.19 started; log sequence number 633142; transaction id 1360
2021-07-02 13:08:16 0 [Note] InnoDB: Loading buffer pool(s) from C:\Users\User\Documents\XAMPP\mysql\data\ib_buffer_pool
2021-07-02 13:08:16 0 [Note] InnoDB: Buffer pool(s) load completed at 210702 13:08:16
2021-07-02 13:08:16 0 [Note] Plugin 'FEEDBACK' is disabled.
2021-07-02 13:08:16 0 [Note] Server socket created on IP: '::'.
2021-07-03 11:10:57 0 [Note] InnoDB: Mutexes and rw_locks use Windows interlocked functions
2021-07-03 11:10:57 0 [Note] InnoDB: Uses event mutexes
2021-07-03 11:10:57 0 [Note] InnoDB: Compressed tables use zlib 1.2.11
2021-07-03 11:10:57 0 [Note] InnoDB: Number of pools: 1
2021-07-03 11:10:57 0 [Note] InnoDB: Using SSE2 crc32 instructions
2021-07-03 11:10:57 0 [Note] InnoDB: Initializing buffer pool, total size = 16M, instances = 1, chunk size = 16M
2021-07-03 11:10:57 0 [Note] InnoDB: Completed initialization of buffer pool
2021-07-03 11:10:57 0 [Note] InnoDB: Starting crash recovery from checkpoint LSN=641241
2021-07-03 11:10:57 0 [Note] InnoDB: 128 out of 128 rollback segments are active.
2021-07-03 11:10:58 0 [Note] InnoDB: Removed temporary tablespace data file: "ibtmp1"
2021-07-03 11:10:58 0 [Note] InnoDB: Creating shared tablespace for temporary tables
2021-07-03 11:10:58 0 [Note] InnoDB: Setting file 'C:\Users\User\Documents\XAMPP\mysql\data\ibtmp1' size to 12 MB. Physically writing the file full; Please wait ...
2021-07-03 11:10:58 0 [Note] InnoDB: File 'C:\Users\User\Documents\XAMPP\mysql\data\ibtmp1' size is now 12 MB.
2021-07-03 11:10:58 0 [Note] InnoDB: 10.4.19 started; log sequence number 641250; transaction id 1412
2021-07-03 11:10:58 0 [Note] InnoDB: Loading buffer pool(s) from C:\Users\User\Documents\XAMPP\mysql\data\ib_buffer_pool
2021-07-03 11:10:58 0 [Note] InnoDB: Buffer pool(s) load completed at 210703 11:10:58
2021-07-03 11:10:58 0 [Note] Plugin 'FEEDBACK' is disabled.
2021-07-03 11:10:58 0 [Note] Server socket created on IP: '::'.
2021-07-12 22:54:19 0 [Note] InnoDB: Mutexes and rw_locks use Windows interlocked functions
2021-07-12 22:54:19 0 [Note] InnoDB: Uses event mutexes
2021-07-12 22:54:19 0 [Note] InnoDB: Compressed tables use zlib 1.2.11
2021-07-12 22:54:19 0 [Note] InnoDB: Number of pools: 1
2021-07-12 22:54:19 0 [Note] InnoDB: Using SSE2 crc32 instructions
2021-07-12 22:54:19 0 [Note] InnoDB: Initializing buffer pool, total size = 16M, instances = 1, chunk size = 16M
2021-07-12 22:54:19 0 [Note] InnoDB: Completed initialization of buffer pool
2021-07-12 22:54:19 0 [Note] InnoDB: Starting crash recovery from checkpoint LSN=641259
2021-07-12 22:54:19 0 [Note] InnoDB: 128 out of 128 rollback segments are active.
2021-07-12 22:54:19 0 [Note] InnoDB: Removed temporary tablespace data file: "ibtmp1"
2021-07-12 22:54:19 0 [Note] InnoDB: Creating shared tablespace for temporary tables
2021-07-12 22:54:19 0 [Note] InnoDB: Setting file 'C:\Users\User\Documents\XAMPP\mysql\data\ibtmp1' size to 12 MB. Physically writing the file full; Please wait ...
2021-07-12 22:54:19 0 [Note] InnoDB: File 'C:\Users\User\Documents\XAMPP\mysql\data\ibtmp1' size is now 12 MB.
2021-07-12 22:54:20 0 [Note] InnoDB: 10.4.19 started; log sequence number 641268; transaction id 1412
2021-07-12 22:54:20 0 [Note] InnoDB: Loading buffer pool(s) from C:\Users\User\Documents\XAMPP\mysql\data\ib_buffer_pool
2021-07-12 22:54:20 0 [Note] InnoDB: Buffer pool(s) load completed at 210712 22:54:20
2021-07-12 22:54:20 0 [Note] Plugin 'FEEDBACK' is disabled.
2021-07-12 22:54:20 0 [Note] Server socket created on IP: '::'.
2021-07-12 22:54:20 0 [Note] Reading of all Master_info entries succeeded
2021-07-12 22:54:20 0 [Note] Added new Master_info '' to hash table
2021-07-12 22:54:20 0 [Note] mysql\bin\mysqld.exe: ready for connections.
Version: '10.4.19-MariaDB'  socket: ''  port: 3306  mariadb.org binary distribution
2021-07-13 23:33:52 0 [Note] InnoDB: Mutexes and rw_locks use Windows interlocked functions
2021-07-13 23:33:52 0 [Note] InnoDB: Uses event mutexes
2021-07-13 23:33:52 0 [Note] InnoDB: Compressed tables use zlib 1.2.11
2021-07-13 23:33:52 0 [Note] InnoDB: Number of pools: 1
2021-07-13 23:33:52 0 [Note] InnoDB: Using SSE2 crc32 instructions
2021-07-13 23:33:52 0 [Note] InnoDB: Initializing buffer pool, total size = 16M, instances = 1, chunk size = 16M
2021-07-13 23:33:52 0 [Note] InnoDB: Completed initialization of buffer pool
2021-07-13 23:33:53 0 [Note] InnoDB: Starting crash recovery from checkpoint LSN=642862
2021-07-13 23:33:53 0 [Note] InnoDB: 128 out of 128 rollback segments are active.
2021-07-13 23:33:53 0 [Note] InnoDB: Removed temporary tablespace data file: "ibtmp1"
2021-07-13 23:33:53 0 [Note] InnoDB: Creating shared tablespace for temporary tables
2021-07-13 23:33:53 0 [Note] InnoDB: Setting file 'C:\Users\User\Documents\XAMPP\mysql\data\ibtmp1' size to 12 MB. Physically writing the file full; Please wait ...
2021-07-13 23:33:53 0 [Note] InnoDB: File 'C:\Users\User\Documents\XAMPP\mysql\data\ibtmp1' size is now 12 MB.
2021-07-13 23:33:53 0 [Note] InnoDB: 10.4.19 started; log sequence number 642871; transaction id 1440
2021-07-13 23:33:53 0 [Note] InnoDB: Loading buffer pool(s) from C:\Users\User\Documents\XAMPP\mysql\data\ib_buffer_pool
2021-07-13 23:33:53 0 [Note] InnoDB: Buffer pool(s) load completed at 210713 23:33:53
2021-07-13 23:33:54 0 [Note] Plugin 'FEEDBACK' is disabled.
2021-07-13 23:33:54 0 [Note] Server socket created on IP: '::'.
2021-07-14 23:20:36 0 [Note] InnoDB: Mutexes and rw_locks use Windows interlocked functions
2021-07-14 23:20:36 0 [Note] InnoDB: Uses event mutexes
2021-07-14 23:20:36 0 [Note] InnoDB: Compressed tables use zlib 1.2.11
2021-07-14 23:20:36 0 [Note] InnoDB: Number of pools: 1
2021-07-14 23:20:36 0 [Note] InnoDB: Using SSE2 crc32 instructions
2021-07-14 23:20:36 0 [Note] InnoDB: Initializing buffer pool, total size = 16M, instances = 1, chunk size = 16M
2021-07-14 23:20:36 0 [Note] InnoDB: Completed initialization of buffer pool
2021-07-14 23:20:36 0 [Note] InnoDB: Starting crash recovery from checkpoint LSN=642880
2021-07-14 23:20:37 0 [Note] InnoDB: 128 out of 128 rollback segments are active.
2021-07-14 23:20:37 0 [Note] InnoDB: Removed temporary tablespace data file: "ibtmp1"
2021-07-14 23:20:37 0 [Note] InnoDB: Creating shared tablespace for temporary tables
2021-07-14 23:20:37 0 [Note] InnoDB: Setting file 'C:\Users\User\Documents\XAMPP\mysql\data\ibtmp1' size to 12 MB. Physically writing the file full; Please wait ...
2021-07-14 23:20:37 0 [Note] InnoDB: File 'C:\Users\User\Documents\XAMPP\mysql\data\ibtmp1' size is now 12 MB.
2021-07-14 23:20:37 0 [Note] InnoDB: 10.4.19 started; log sequence number 642889; transaction id 1440
2021-07-14 23:20:37 0 [Note] InnoDB: Loading buffer pool(s) from C:\Users\User\Documents\XAMPP\mysql\data\ib_buffer_pool
2021-07-14 23:20:37 0 [Note] InnoDB: Buffer pool(s) load completed at 210714 23:20:37
2021-07-14 23:20:37 0 [Note] Plugin 'FEEDBACK' is disabled.
2021-07-14 23:20:37 0 [Note] Server socket created on IP: '::'.
2021-07-15 11:19:20 0 [Note] InnoDB: Mutexes and rw_locks use Windows interlocked functions
2021-07-15 11:19:20 0 [Note] InnoDB: Uses event mutexes
2021-07-15 11:19:20 0 [Note] InnoDB: Compressed tables use zlib 1.2.11
2021-07-15 11:19:20 0 [Note] InnoDB: Number of pools: 1
2021-07-15 11:19:20 0 [Note] InnoDB: Using SSE2 crc32 instructions
2021-07-15 11:19:20 0 [Note] InnoDB: Initializing buffer pool, total size = 16M, instances = 1, chunk size = 16M
2021-07-15 11:19:20 0 [Note] InnoDB: Completed initialization of buffer pool
2021-07-15 11:19:21 0 [Note] InnoDB: Starting crash recovery from checkpoint LSN=676732
2021-07-15 11:19:21 0 [Note] InnoDB: 128 out of 128 rollback segments are active.
2021-07-15 11:19:21 0 [Note] InnoDB: Removed temporary tablespace data file: "ibtmp1"
2021-07-15 11:19:21 0 [Note] InnoDB: Creating shared tablespace for temporary tables
2021-07-15 11:19:21 0 [Note] InnoDB: Setting file 'C:\Users\User\Documents\XAMPP\mysql\data\ibtmp1' size to 12 MB. Physically writing the file full; Please wait ...
2021-07-15 11:19:21 0 [Note] InnoDB: File 'C:\Users\User\Documents\XAMPP\mysql\data\ibtmp1' size is now 12 MB.
2021-07-15 11:19:21 0 [Note] InnoDB: 10.4.19 started; log sequence number 676741; transaction id 1548
2021-07-15 11:19:21 0 [Note] InnoDB: Loading buffer pool(s) from C:\Users\User\Documents\XAMPP\mysql\data\ib_buffer_pool
2021-07-15 11:19:21 0 [Note] InnoDB: Buffer pool(s) load completed at 210715 11:19:21
2021-07-15 11:19:21 0 [Note] Plugin 'FEEDBACK' is disabled.
2021-07-15 11:19:21 0 [Note] Server socket created on IP: '::'.
2021-07-15 22:40:29 0 [Note] InnoDB: Mutexes and rw_locks use Windows interlocked functions
2021-07-15 22:40:29 0 [Note] InnoDB: Uses event mutexes
2021-07-15 22:40:29 0 [Note] InnoDB: Compressed tables use zlib 1.2.11
2021-07-15 22:40:29 0 [Note] InnoDB: Number of pools: 1
2021-07-15 22:40:29 0 [Note] InnoDB: Using SSE2 crc32 instructions
2021-07-15 22:40:29 0 [Note] InnoDB: Initializing buffer pool, total size = 16M, instances = 1, chunk size = 16M
2021-07-15 22:40:29 0 [Note] InnoDB: Completed initialization of buffer pool
2021-07-15 22:40:29 0 [Note] InnoDB: Starting crash recovery from checkpoint LSN=690404
2021-07-15 22:40:29 0 [Note] InnoDB: 128 out of 128 rollback segments are active.
2021-07-15 22:40:30 0 [Note] InnoDB: Removed temporary tablespace data file: "ibtmp1"
2021-07-15 22:40:30 0 [Note] InnoDB: Creating shared tablespace for temporary tables
2021-07-15 22:40:30 0 [Note] InnoDB: Setting file 'C:\Users\User\Documents\XAMPP\mysql\data\ibtmp1' size to 12 MB. Physically writing the file full; Please wait ...
2021-07-15 22:40:30 0 [Note] InnoDB: File 'C:\Users\User\Documents\XAMPP\mysql\data\ibtmp1' size is now 12 MB.
2021-07-15 22:40:30 0 [Note] InnoDB: 10.4.19 started; log sequence number 690413; transaction id 1618
2021-07-15 22:40:30 0 [Note] InnoDB: Loading buffer pool(s) from C:\Users\User\Documents\XAMPP\mysql\data\ib_buffer_pool
2021-07-15 22:40:30 0 [Note] InnoDB: Buffer pool(s) load completed at 210715 22:40:30
2021-07-15 22:40:30 0 [Note] Plugin 'FEEDBACK' is disabled.
2021-07-15 22:40:30 0 [Note] Server socket created on IP: '::'.
2021-07-16 13:50:50 0 [Note] InnoDB: Mutexes and rw_locks use Windows interlocked functions
2021-07-16 13:50:50 0 [Note] InnoDB: Uses event mutexes
2021-07-16 13:50:50 0 [Note] InnoDB: Compressed tables use zlib 1.2.11
2021-07-16 13:50:50 0 [Note] InnoDB: Number of pools: 1
2021-07-16 13:50:50 0 [Note] InnoDB: Using SSE2 crc32 instructions
2021-07-16 13:50:50 0 [Note] InnoDB: Initializing buffer pool, total size = 16M, instances = 1, chunk size = 16M
2021-07-16 13:50:50 0 [Note] InnoDB: Completed initialization of buffer pool
2021-07-16 13:50:50 0 [Note] InnoDB: Starting crash recovery from checkpoint LSN=690422
2021-07-16 13:50:50 0 [Note] InnoDB: 128 out of 128 rollback segments are active.
2021-07-16 13:50:50 0 [Note] InnoDB: Removed temporary tablespace data file: "ibtmp1"
2021-07-16 13:50:50 0 [Note] InnoDB: Creating shared tablespace for temporary tables
2021-07-16 13:50:50 0 [Note] InnoDB: Setting file 'C:\Users\User\Documents\XAMPP\mysql\data\ibtmp1' size to 12 MB. Physically writing the file full; Please wait ...
2021-07-16 13:50:50 0 [Note] InnoDB: File 'C:\Users\User\Documents\XAMPP\mysql\data\ibtmp1' size is now 12 MB.
2021-07-16 13:50:51 0 [Note] InnoDB: 10.4.19 started; log sequence number 690431; transaction id 1618
2021-07-16 13:50:51 0 [Note] InnoDB: Loading buffer pool(s) from C:\Users\User\Documents\XAMPP\mysql\data\ib_buffer_pool
2021-07-16 13:50:51 0 [Note] InnoDB: Buffer pool(s) load completed at 210716 13:50:51
2021-07-16 13:50:51 0 [Note] Plugin 'FEEDBACK' is disabled.
2021-07-16 13:50:51 0 [Note] Server socket created on IP: '::'.
2021-07-16 14:33:14 0 [Note] InnoDB: Mutexes and rw_locks use Windows interlocked functions
2021-07-16 14:33:14 0 [Note] InnoDB: Uses event mutexes
2021-07-16 14:33:14 0 [Note] InnoDB: Compressed tables use zlib 1.2.11
2021-07-16 14:33:14 0 [Note] InnoDB: Number of pools: 1
2021-07-16 14:33:14 0 [Note] InnoDB: Using SSE2 crc32 instructions
2021-07-16 14:33:14 0 [Note] InnoDB: Initializing buffer pool, total size = 16M, instances = 1, chunk size = 16M
2021-07-16 14:33:14 0 [Note] InnoDB: Completed initialization of buffer pool
2021-07-16 14:33:14 0 [Note] InnoDB: Starting crash recovery from checkpoint LSN=705940
2021-07-16 14:33:15 0 [Note] InnoDB: 128 out of 128 rollback segments are active.
2021-07-16 14:33:15 0 [Note] InnoDB: Removed temporary tablespace data file: "ibtmp1"
2021-07-16 14:33:15 0 [Note] InnoDB: Creating shared tablespace for temporary tables
2021-07-16 14:33:15 0 [Note] InnoDB: Setting file 'C:\Users\User\Documents\XAMPP\mysql\data\ibtmp1' size to 12 MB. Physically writing the file full; Please wait ...
2021-07-16 14:33:15 0 [Note] InnoDB: File 'C:\Users\User\Documents\XAMPP\mysql\data\ibtmp1' size is now 12 MB.
2021-07-16 14:33:15 0 [Note] InnoDB: 10.4.19 started; log sequence number 705949; transaction id 1681
2021-07-16 14:33:15 0 [Note] InnoDB: Loading buffer pool(s) from C:\Users\User\Documents\XAMPP\mysql\data\ib_buffer_pool
2021-07-16 14:33:15 0 [Note] InnoDB: Buffer pool(s) load completed at 210716 14:33:15
2021-07-16 14:33:15 0 [Note] Plugin 'FEEDBACK' is disabled.
2021-07-16 14:33:15 0 [Note] Server socket created on IP: '::'.
